# JRE version: Java(TM) SE Runtime Environment (8.0_211-b12) (build 1.8.0_211-b12)
# Java VM: Java HotSpot(TM) 64-Bit Server VM (25.211-b12 mixed mode windows-amd64 compressed oops)
Heap:
 PSYoungGen      total 221696K, used 156735K [0x00000000d5f80000, 0x00000000e7380000, 0x0000000100000000)
  eden space 204800K, 76% used [0x00000000d5f80000,0x00000000df88fcb0,0x00000000e2780000)
  from space 16896K, 0% used [0x00000000e2780000,0x00000000e2780000,0x00000000e3800000)
  to   space 16896K, 0% used [0x00000000e6300000,0x00000000e6300000,0x00000000e7380000)
 ParOldGen       total 123392K, used 19828K [0x0000000081e00000, 0x0000000089680000, 0x00000000d5f80000)
  object space 123392K, 16% used [0x0000000081e00000,0x000000008315d3d8,0x0000000089680000)
 Metaspace       used 61060K, capacity 64036K, committed 64088K, reserved 1103872K
  class space    used 8261K, capacity 8785K, committed 8832K, reserved 1048576K
GC Heap History (10 events):
Event: 5.788 GC heap before
{Heap before GC invocations=11 (full 2):
 PSYoungGen      total 172544K, used 160768K [0x00000000d5f80000, 0x00000000e3680000, 0x0000000100000000)
  eden space 160768K, 100% used [0x00000000d5f80000,0x00000000dfc80000,0x00000000dfc80000)
  from space 11776K, 0% used [0x00000000e0980000,0x00000000e0980000,0x00000000e1500000)
  to   space 13312K, 0% used [0x00000000dfc80000,0x00000000dfc80000,0x00000000e0980000)
 ParOldGen       total 89088K, used 15665K [0x0000000081e00000, 0x0000000087500000, 0x00000000d5f80000)
  object space 89088K, 17% used [0x0000000081e00000,0x0000000082d4c450,0x0000000087500000)
 Metaspace       used 51812K, capacity 53640K, committed 54144K, reserved 1095680K
  class space    used 7084K, capacity 7450K, committed 7552K, reserved 1048576K
Event: 5.805 GC heap after
Heap after GC invocations=11 (full 2):
 PSYoungGen      total 174080K, used 13296K [0x00000000d5f80000, 0x00000000e4a00000, 0x0000000100000000)
  eden space 160768K, 0% used [0x00000000d5f80000,0x00000000d5f80000,0x00000000dfc80000)
  from space 13312K, 99% used [0x00000000dfc80000,0x00000000e097c008,0x00000000e0980000)
  to   space 17408K, 0% used [0x00000000e3900000,0x00000000e3900000,0x00000000e4a00000)
 ParOldGen       total 89088K, used 20916K [0x0000000081e00000, 0x0000000087500000, 0x00000000d5f80000)
  object space 89088K, 23% used [0x0000000081e00000,0x000000008326d2e0,0x0000000087500000)
 Metaspace       used 51812K, capacity 53640K, committed 54144K, reserved 1095680K
  class space    used 7084K, capacity 7450K, committed 7552K, reserved 1048576K
}
Event: 6.380 GC heap before
{Heap before GC invocations=12 (full 2):
 PSYoungGen      total 174080K, used 64461K [0x00000000d5f80000, 0x00000000e4a00000, 0x0000000100000000)
  eden space 160768K, 31% used [0x00000000d5f80000,0x00000000d9177608,0x00000000dfc80000)
  from space 13312K, 99% used [0x00000000dfc80000,0x00000000e097c008,0x00000000e0980000)
  to   space 17408K, 0% used [0x00000000e3900000,0x00000000e3900000,0x00000000e4a00000)
 ParOldGen       total 89088K, used 20916K [0x0000000081e00000, 0x0000000087500000, 0x00000000d5f80000)
  object space 89088K, 23% used [0x0000000081e00000,0x000000008326d2e0,0x0000000087500000)
 Metaspace       used 56652K, capacity 59016K, committed 59096K, reserved 1099776K
  class space    used 7709K, capacity 8138K, committed 8192K, reserved 1048576K
Event: 6.388 GC heap after
Heap after GC invocations=12 (full 2):
 PSYoungGen      total 220672K, used 9350K [0x00000000d5f80000, 0x00000000e4880000, 0x0000000100000000)
  eden space 204800K, 0% used [0x00000000d5f80000,0x00000000d5f80000,0x00000000e2780000)
  from space 15872K, 58% used [0x00000000e3900000,0x00000000e4221928,0x00000000e4880000)
  to   space 16896K, 0% used [0x00000000e2780000,0x00000000e2780000,0x00000000e3800000)
 ParOldGen       total 89088K, used 20932K [0x0000000081e00000, 0x0000000087500000, 0x00000000d5f80000)
  object space 89088K, 23% used [0x0000000081e00000,0x00000000832712f0,0x0000000087500000)
 Metaspace       used 56652K, capacity 59016K, committed 59096K, reserved 1099776K
  class space    used 7709K, capacity 8138K, committed 8192K, reserved 1048576K
}
Event: 6.388 GC heap before
{Heap before GC invocations=13 (full 3):
 PSYoungGen      total 220672K, used 9350K [0x00000000d5f80000, 0x00000000e4880000, 0x0000000100000000)
  eden space 204800K, 0% used [0x00000000d5f80000,0x00000000d5f80000,0x00000000e2780000)
  from space 15872K, 58% used [0x00000000e3900000,0x00000000e4221928,0x00000000e4880000)
  to   space 16896K, 0% used [0x00000000e2780000,0x00000000e2780000,0x00000000e3800000)
 ParOldGen       total 89088K, used 20932K [0x0000000081e00000, 0x0000000087500000, 0x00000000d5f80000)
  object space 89088K, 23% used [0x0000000081e00000,0x00000000832712f0,0x0000000087500000)
 Metaspace       used 56652K, capacity 59016K, committed 59096K, reserved 1099776K
  class space    used 7709K, capacity 8138K, committed 8192K, reserved 1048576K
Event: 6.508 GC heap after
Heap after GC invocations=13 (full 3):
 PSYoungGen      total 220672K, used 0K [0x00000000d5f80000, 0x00000000e4880000, 0x0000000100000000)
  eden space 204800K, 0% used [0x00000000d5f80000,0x00000000d5f80000,0x00000000e2780000)
  from space 15872K, 0% used [0x00000000e3900000,0x00000000e3900000,0x00000000e4880000)
  to   space 16896K, 0% used [0x00000000e2780000,0x00000000e2780000,0x00000000e3800000)
 ParOldGen       total 123392K, used 21833K [0x0000000081e00000, 0x0000000089680000, 0x00000000d5f80000)
  object space 123392K, 17% used [0x0000000081e00000,0x0000000083352438,0x0000000089680000)
 Metaspace       used 56652K, capacity 59016K, committed 59096K, reserved 1099776K
  class space    used 7709K, capacity 8138K, committed 8192K, reserved 1048576K
}
Event: 10.084 GC heap before
{Heap before GC invocations=14 (full 3):
 PSYoungGen      total 220672K, used 86319K [0x00000000d5f80000, 0x00000000e4880000, 0x0000000100000000)
  eden space 204800K, 42% used [0x00000000d5f80000,0x00000000db3cbfe8,0x00000000e2780000)
  from space 15872K, 0% used [0x00000000e3900000,0x00000000e3900000,0x00000000e4880000)
  to   space 16896K, 0% used [0x00000000e2780000,0x00000000e2780000,0x00000000e3800000)
 ParOldGen       total 123392K, used 21833K [0x0000000081e00000, 0x0000000089680000, 0x00000000d5f80000)
  object space 123392K, 17% used [0x0000000081e00000,0x0000000083352438,0x0000000089680000)
 Metaspace       used 59861K, capacity 62666K, committed 62936K, reserved 1103872K
  class space    used 8197K, capacity 8684K, committed 8704K, reserved 1048576K
Event: 10.090 GC heap after
Heap after GC invocations=14 (full 3):
 PSYoungGen      total 221696K, used 5027K [0x00000000d5f80000, 0x00000000e7380000, 0x0000000100000000)
  eden space 204800K, 0% used [0x00000000d5f80000,0x00000000d5f80000,0x00000000e2780000)
  from space 16896K, 29% used [0x00000000e2780000,0x00000000e2c68ef0,0x00000000e3800000)
  to   space 16896K, 0% used [0x00000000e6300000,0x00000000e6300000,0x00000000e7380000)
 ParOldGen       total 123392K, used 21841K [0x0000000081e00000, 0x0000000089680000, 0x00000000d5f80000)
  object space 123392K, 17% used [0x0000000081e00000,0x0000000083354438,0x0000000089680000)
 Metaspace       used 59861K, capacity 62666K, committed 62936K, reserved 1103872K
  class space    used 8197K, capacity 8684K, committed 8704K, reserved 1048576K
}
Event: 10.090 GC heap before
{Heap before GC invocations=15 (full 4):
 PSYoungGen      total 221696K, used 5027K [0x00000000d5f80000, 0x00000000e7380000, 0x0000000100000000)
  eden space 204800K, 0% used [0x00000000d5f80000,0x00000000d5f80000,0x00000000e2780000)
  from space 16896K, 29% used [0x00000000e2780000,0x00000000e2c68ef0,0x00000000e3800000)
  to   space 16896K, 0% used [0x00000000e6300000,0x00000000e6300000,0x00000000e7380000)
 ParOldGen       total 123392K, used 21841K [0x0000000081e00000, 0x0000000089680000, 0x00000000d5f80000)
  object space 123392K, 17% used [0x0000000081e00000,0x0000000083354438,0x0000000089680000)
 Metaspace       used 59861K, capacity 62666K, committed 62936K, reserved 1103872K
  class space    used 8197K, capacity 8684K, committed 8704K, reserved 1048576K
Event: 10.201 GC heap after
Heap after GC invocations=15 (full 4):
 PSYoungGen      total 221696K, used 0K [0x00000000d5f80000, 0x00000000e7380000, 0x0000000100000000)
  eden space 204800K, 0% used [0x00000000d5f80000,0x00000000d5f80000,0x00000000e2780000)
  from space 16896K, 0% used [0x00000000e2780000,0x00000000e2780000,0x00000000e3800000)
  to   space 16896K, 0% used [0x00000000e6300000,0x00000000e6300000,0x00000000e7380000)
 ParOldGen       total 123392K, used 19828K [0x0000000081e00000, 0x0000000089680000, 0x00000000d5f80000)
  object space 123392K, 16% used [0x0000000081e00000,0x000000008315d3d8,0x0000000089680000)
 Metaspace       used 59857K, capacity 62660K, committed 62936K, reserved 1103872K
  class space    used 8197K, capacity 8683K, committed 8704K, reserved 1048576K
}

